<?xml version="1.0" encoding="UTF-8"?>
<testsuite name="이벤트 관리 테스트" tests="3" skipped="0" failures="0" errors="0" timestamp="2024-12-23T13:33:57" hostname="sinjiseobs-MacBook-Air.local" time="0.007">
  <properties/>
  <testcase name="소유자는 이벤트를 추가할 수 있다" classname="com.creatorhub.platform.calendar.domain.entity.CalendarTest$EventManagementTest" time="0.001"/>
  <testcase name="쓰기 권한이 있는 사용자는 이벤트를 추가할 수 있다" classname="com.creatorhub.platform.calendar.domain.entity.CalendarTest$EventManagementTest" time="0.003"/>
  <testcase name="권한이 없는 사용자는 이벤트를 추가할 수 없다" classname="com.creatorhub.platform.calendar.domain.entity.CalendarTest$EventManagementTest" time="0.002"/>
  <system-out><![CDATA[]]></system-out>
  <system-err><![CDATA[]]></system-err>
</testsuite>
