<?xml version="1.0" encoding="UTF-8"?>
<testsuite name="캘린더 생성 테스트" tests="2" skipped="0" failures="0" errors="0" timestamp="2024-12-23T13:33:57" hostname="sinjiseobs-MacBook-Air.local" time="0.001">
  <properties/>
  <testcase name="새로운 캘린더를 생성할 수 있다" classname="com.creatorhub.platform.calendar.domain.entity.CalendarTest$CalendarCreationTest" time="0.0"/>
  <testcase name="캘린더 이름을 수정할 수 있다" classname="com.creatorhub.platform.calendar.domain.entity.CalendarTest$CalendarCreationTest" time="0.0"/>
  <system-out><![CDATA[]]></system-out>
  <system-err><![CDATA[]]></system-err>
</testsuite>
