<?xml version="1.0" encoding="UTF-8"?>
<testsuite name="메시지 전송 테스트" tests="2" skipped="0" failures="0" errors="0" timestamp="2024-12-23T13:33:57" hostname="sinjiseobs-MacBook-Air.local" time="0.027">
  <properties/>
  <testcase name="세션이 닫혀있으면 메시지가 전송되지 않는다" classname="com.creatorhub.platform.calendar.adapter.in.websocket.CalendarWebSocketHandlerTest$MessageTest" time="0.003"/>
  <testcase name="캘린더 이벤트 생성 알림이 성공적으로 전송된다" classname="com.creatorhub.platform.calendar.adapter.in.websocket.CalendarWebSocketHandlerTest$MessageTest" time="0.024"/>
  <system-out><![CDATA[22:33:57.141 [Test worker] INFO com.creatorhub.platform.calendar.adapter.in.websocket.CalendarWebSocketHandler -- WebSocket connection established for calendar: dbd054ae-e06c-408d-a165-8bceefbaef6f
22:33:57.142 [Test worker] WARN com.creatorhub.platform.calendar.adapter.in.websocket.CalendarWebSocketHandler -- No active session found for calendar: dbd054ae-e06c-408d-a165-8bceefbaef6f
22:33:57.145 [Test worker] INFO com.creatorhub.platform.calendar.adapter.in.websocket.CalendarWebSocketHandler -- WebSocket connection established for calendar: 1333b37f-0dd9-4f37-b225-3e3d457674b4
]]></system-out>
  <system-err><![CDATA[]]></system-err>
</testsuite>
